[debug] [2021-03-06T15:10:48.912Z] ----------------------------------------------------------------------
[debug] [2021-03-06T15:10:48.915Z] Command:       E:\skrt\node.exe C:\Users\Spravce\AppData\Roaming\npm\node_modules\firebase-tools\lib\bin\firebase.js init
[debug] [2021-03-06T15:10:48.916Z] CLI Version:   9.5.0
[debug] [2021-03-06T15:10:48.916Z] Platform:      win32
[debug] [2021-03-06T15:10:48.916Z] Node Version:  v12.14.1
[debug] [2021-03-06T15:10:48.930Z] Time:          Sat Mar 06 2021 16:10:48 GMT+0100 (GMT+01:00)
[debug] [2021-03-06T15:10:48.930Z] ----------------------------------------------------------------------
[debug] [2021-03-06T15:10:48.930Z] 
[debug] [2021-03-06T15:10:48.937Z] >>> [apiv2][query] GET https://firebase-public.firebaseio.com/cli.json [none]
[debug] [2021-03-06T15:10:48.993Z] > command requires scopes: ["email","openid","https://www.googleapis.com/auth/cloudplatformprojects.readonly","https://www.googleapis.com/auth/firebase","https://www.googleapis.com/auth/cloud-platform"]
[debug] [2021-03-06T15:10:48.994Z] > authorizing via signed-in user
[info] 
     ######## #### ########  ######## ########     ###     ######  ########
     ##        ##  ##     ## ##       ##     ##  ##   ##  ##       ##
     ######    ##  ########  ######   ########  #########  ######  ######
     ##        ##  ##    ##  ##       ##     ## ##     ##       ## ##
     ##       #### ##     ## ######## ########  ##     ##  ######  ########

You're about to initialize a Firebase project in this directory:

  E:\MATURITA\Maturita-Formalita\web

Before we get started, keep in mind:

  * You are initializing in an existing Firebase project directory

[debug] [2021-03-06T15:10:49.511Z] <<< [apiv2][status] GET https://firebase-public.firebaseio.com/cli.json 200
[debug] [2021-03-06T15:10:49.511Z] <<< [apiv2][body] GET https://firebase-public.firebaseio.com/cli.json {"cloudBuildErrorAfter":1594252800000,"cloudBuildWarnAfter":1590019200000,"defaultNode10After":1594252800000,"minVersion":"3.0.5","node8DeploysDisabledAfter":1613390400000,"node8RuntimeDisabledAfter":1615809600000,"node8WarnAfter":1600128000000}
